This is pdfTeX, Version 3.141592653-2.6-1.40.26 (TeX Live 2024) (preloaded format=pdflatex 2024.6.16)  22 JUN 2024 20:43
entering extended mode
 restricted \write18 enabled.
 %&-line parsing enabled.
**pdf_check.tex
(./pdf_check.tex
LaTeX2e <2024-06-01> patch level 1
L3 programming layer <2024-05-27>
(c:/Users/Debaditya/AppData/Roaming/TinyTeX/texmf-dist/tex/latex/base/article.cls
Document Class: article 2024/02/08 v1.4n Standard LaTeX document class
(c:/Users/Debaditya/AppData/Roaming/TinyTeX/texmf-dist/tex/latex/base/size12.clo
File: size12.clo 2024/02/08 v1.4n Standard LaTeX file (size option)
)
\c@part=\count194
\c@section=\count195
\c@subsection=\count196
\c@subsubsection=\count197
\c@paragraph=\count198
\c@subparagraph=\count199
\c@figure=\count266
\c@table=\count267
\abovecaptionskip=\skip49
\belowcaptionskip=\skip50
\bibindent=\dimen141
) (c:/Users/Debaditya/AppData/Roaming/TinyTeX/texmf-dist/tex/latex/amsmath/amsmath.sty
Package: amsmath 2024/05/23 v2.17q AMS math features
\@mathmargin=\skip51
For additional information on amsmath, use the `?' option.
(c:/Users/Debaditya/AppData/Roaming/TinyTeX/texmf-dist/tex/latex/amsmath/amstext.sty
Package: amstext 2021/08/26 v2.01 AMS text
(c:/Users/Debaditya/AppData/Roaming/TinyTeX/texmf-dist/tex/latex/amsmath/amsgen.sty
File: amsgen.sty 1999/11/30 v2.0 generic functions
\@emptytoks=\toks17
\ex@=\dimen142
)) (c:/Users/Debaditya/AppData/Roaming/TinyTeX/texmf-dist/tex/latex/amsmath/amsbsy.sty
Package: amsbsy 1999/11/29 v1.2d Bold Symbols
\pmbraise@=\dimen143
) (c:/Users/Debaditya/AppData/Roaming/TinyTeX/texmf-dist/tex/latex/amsmath/amsopn.sty
Package: amsopn 2022/04/08 v2.04 operator names
)
\inf@bad=\count268
LaTeX Info: Redefining \frac on input line 233.
\uproot@=\count269
\leftroot@=\count270
LaTeX Info: Redefining \overline on input line 398.
LaTeX Info: Redefining \colon on input line 409.
\classnum@=\count271
\DOTSCASE@=\count272
LaTeX Info: Redefining \ldots on input line 495.
LaTeX Info: Redefining \dots on input line 498.
LaTeX Info: Redefining \cdots on input line 619.
\Mathstrutbox@=\box52
\strutbox@=\box53
LaTeX Info: Redefining \big on input line 721.
LaTeX Info: Redefining \Big on input line 722.
LaTeX Info: Redefining \bigg on input line 723.
LaTeX Info: Redefining \Bigg on input line 724.
\big@size=\dimen144
LaTeX Font Info:    Redeclaring font encoding OML on input line 742.
LaTeX Font Info:    Redeclaring font encoding OMS on input line 743.
\macc@depth=\count273
LaTeX Info: Redefining \bmod on input line 904.
LaTeX Info: Redefining \pmod on input line 909.
LaTeX Info: Redefining \smash on input line 939.
LaTeX Info: Redefining \relbar on input line 969.
LaTeX Info: Redefining \Relbar on input line 970.
\c@MaxMatrixCols=\count274
\dotsspace@=\muskip17
\c@parentequation=\count275
\dspbrk@lvl=\count276
\tag@help=\toks18
\row@=\count277
\column@=\count278
\maxfields@=\count279
\andhelp@=\toks19
\eqnshift@=\dimen145
\alignsep@=\dimen146
\tagshift@=\dimen147
\tagwidth@=\dimen148
\totwidth@=\dimen149
\lineht@=\dimen150
\@envbody=\toks20
\multlinegap=\skip52
\multlinetaggap=\skip53
\mathdisplay@stack=\toks21
LaTeX Info: Redefining \[ on input line 2953.
LaTeX Info: Redefining \] on input line 2954.
) (c:/Users/Debaditya/AppData/Roaming/TinyTeX/texmf-dist/tex/latex/amsfonts/amssymb.sty
Package: amssymb 2013/01/14 v3.01 AMS font symbols
(c:/Users/Debaditya/AppData/Roaming/TinyTeX/texmf-dist/tex/latex/amsfonts/amsfonts.sty
Package: amsfonts 2013/01/14 v3.01 Basic AMSFonts support
\symAMSa=\mathgroup4
\symAMSb=\mathgroup5
LaTeX Font Info:    Redeclaring math symbol \hbar on input line 98.
LaTeX Font Info:    Overwriting math alphabet `\mathfrak' in version `bold'
(Font)                  U/euf/m/n --> U/euf/b/n on input line 106.
)) (c:/Users/Debaditya/AppData/Roaming/TinyTeX/texmf-dist/tex/generic/iftex/iftex.sty
Package: iftex 2022/02/03 v1.0f TeX engine tests
) (c:/Users/Debaditya/AppData/Roaming/TinyTeX/texmf-dist/tex/latex/base/fontenc.sty
Package: fontenc 2021/04/29 v2.0v Standard LaTeX package
) (c:/Users/Debaditya/AppData/Roaming/TinyTeX/texmf-dist/tex/latex/base/inputenc.sty
Package: inputenc 2024/02/08 v1.3d Input encoding file
\inpenc@prehook=\toks22
\inpenc@posthook=\toks23
) (c:/Users/Debaditya/AppData/Roaming/TinyTeX/texmf-dist/tex/latex/base/textcomp.sty
Package: textcomp 2024/04/24 v2.1b Standard LaTeX package
) (c:/Users/Debaditya/AppData/Roaming/TinyTeX/texmf-dist/tex/latex/lm/lmodern.sty
Package: lmodern 2015/05/01 v1.6.1 Latin Modern Fonts
LaTeX Font Info:    Overwriting symbol font `operators' in version `normal'
(Font)                  OT1/cmr/m/n --> OT1/lmr/m/n on input line 22.
LaTeX Font Info:    Overwriting symbol font `letters' in version `normal'
(Font)                  OML/cmm/m/it --> OML/lmm/m/it on input line 23.
LaTeX Font Info:    Overwriting symbol font `symbols' in version `normal'
(Font)                  OMS/cmsy/m/n --> OMS/lmsy/m/n on input line 24.
LaTeX Font Info:    Overwriting symbol font `largesymbols' in version `normal'
(Font)                  OMX/cmex/m/n --> OMX/lmex/m/n on input line 25.
LaTeX Font Info:    Overwriting symbol font `operators' in version `bold'
(Font)                  OT1/cmr/bx/n --> OT1/lmr/bx/n on input line 26.
LaTeX Font Info:    Overwriting symbol font `letters' in version `bold'
(Font)                  OML/cmm/b/it --> OML/lmm/b/it on input line 27.
LaTeX Font Info:    Overwriting symbol font `symbols' in version `bold'
(Font)                  OMS/cmsy/b/n --> OMS/lmsy/b/n on input line 28.
LaTeX Font Info:    Overwriting symbol font `largesymbols' in version `bold'
(Font)                  OMX/cmex/m/n --> OMX/lmex/m/n on input line 29.
LaTeX Font Info:    Overwriting math alphabet `\mathbf' in version `normal'
(Font)                  OT1/cmr/bx/n --> OT1/lmr/bx/n on input line 31.
LaTeX Font Info:    Overwriting math alphabet `\mathsf' in version `normal'
(Font)                  OT1/cmss/m/n --> OT1/lmss/m/n on input line 32.
LaTeX Font Info:    Overwriting math alphabet `\mathit' in version `normal'
(Font)                  OT1/cmr/m/it --> OT1/lmr/m/it on input line 33.
LaTeX Font Info:    Overwriting math alphabet `\mathtt' in version `normal'
(Font)                  OT1/cmtt/m/n --> OT1/lmtt/m/n on input line 34.
LaTeX Font Info:    Overwriting math alphabet `\mathbf' in version `bold'
(Font)                  OT1/cmr/bx/n --> OT1/lmr/bx/n on input line 35.
LaTeX Font Info:    Overwriting math alphabet `\mathsf' in version `bold'
(Font)                  OT1/cmss/bx/n --> OT1/lmss/bx/n on input line 36.
LaTeX Font Info:    Overwriting math alphabet `\mathit' in version `bold'
(Font)                  OT1/cmr/bx/it --> OT1/lmr/bx/it on input line 37.
LaTeX Font Info:    Overwriting math alphabet `\mathtt' in version `bold'
(Font)                  OT1/cmtt/m/n --> OT1/lmtt/m/n on input line 38.
) (c:/Users/Debaditya/AppData/Roaming/TinyTeX/texmf-dist/tex/latex/xcolor/xcolor.sty
Package: xcolor 2023/11/15 v3.01 LaTeX color extensions (UK)
(c:/Users/Debaditya/AppData/Roaming/TinyTeX/texmf-dist/tex/latex/graphics-cfg/color.cfg
File: color.cfg 2016/01/02 v1.6 sample color configuration
)
Package xcolor Info: Driver file: pdftex.def on input line 274.
(c:/Users/Debaditya/AppData/Roaming/TinyTeX/texmf-dist/tex/latex/graphics-def/pdftex.def
File: pdftex.def 2024/04/13 v1.2c Graphics/color driver for pdftex
) (c:/Users/Debaditya/AppData/Roaming/TinyTeX/texmf-dist/tex/latex/graphics/mathcolor.ltx)
Package xcolor Info: Model `cmy' substituted by `cmy0' on input line 1350.
Package xcolor Info: Model `hsb' substituted by `rgb' on input line 1354.
Package xcolor Info: Model `RGB' extended on input line 1366.
Package xcolor Info: Model `HTML' substituted by `rgb' on input line 1368.
Package xcolor Info: Model `Hsb' substituted by `hsb' on input line 1369.
Package xcolor Info: Model `tHsb' substituted by `hsb' on input line 1370.
Package xcolor Info: Model `HSB' substituted by `hsb' on input line 1371.
Package xcolor Info: Model `Gray' substituted by `gray' on input line 1372.
Package xcolor Info: Model `wave' substituted by `hsb' on input line 1373.
) (c:/Users/Debaditya/AppData/Roaming/TinyTeX/texmf-dist/tex/latex/graphics/dvipsnam.def
File: dvipsnam.def 2016/06/17 v3.0m Driver-dependent file (DPC,SPQR)
) (c:/Users/Debaditya/AppData/Roaming/TinyTeX/texmf-dist/tex/latex/xcolor/svgnam.def
File: svgnam.def 2023/11/15 v3.01 Predefined colors according to SVG 1.1 (UK)
) (c:/Users/Debaditya/AppData/Roaming/TinyTeX/texmf-dist/tex/latex/xcolor/x11nam.def
File: x11nam.def 2023/11/15 v3.01 Predefined colors according to Unix/X11 (UK)
) (c:/Users/Debaditya/AppData/Roaming/TinyTeX/texmf-dist/tex/latex/geometry/geometry.sty
Package: geometry 2020/01/02 v5.9 Page Geometry
(c:/Users/Debaditya/AppData/Roaming/TinyTeX/texmf-dist/tex/latex/graphics/keyval.sty
Package: keyval 2022/05/29 v1.15 key=value parser (DPC)
\KV@toks@=\toks24
) (c:/Users/Debaditya/AppData/Roaming/TinyTeX/texmf-dist/tex/generic/iftex/ifvtex.sty
Package: ifvtex 2019/10/25 v1.7 ifvtex legacy package. Use iftex instead.
)
\Gm@cnth=\count280
\Gm@cntv=\count281
\c@Gm@tempcnt=\count282
\Gm@bindingoffset=\dimen151
\Gm@wd@mp=\dimen152
\Gm@odd@mp=\dimen153
\Gm@even@mp=\dimen154
\Gm@layoutwidth=\dimen155
\Gm@layoutheight=\dimen156
\Gm@layouthoffset=\dimen157
\Gm@layoutvoffset=\dimen158
\Gm@dimlist=\toks25
) (c:/Users/Debaditya/AppData/Roaming/TinyTeX/texmf-dist/tex/latex/fancyvrb/fancyvrb.sty
Package: fancyvrb 2024/01/20 4.5c verbatim text (tvz,hv)
\FV@CodeLineNo=\count283
\FV@InFile=\read2
\FV@TabBox=\box54
\c@FancyVerbLine=\count284
\FV@StepNumber=\count285
\FV@OutFile=\write3
) (c:/Users/Debaditya/AppData/Roaming/TinyTeX/texmf-dist/tex/latex/framed/framed.sty
Package: framed 2011/10/22 v 0.96: framed or shaded text with page breaks
\OuterFrameSep=\skip54
\fb@frw=\dimen159
\fb@frh=\dimen160
\FrameRule=\dimen161
\FrameSep=\dimen162
) (c:/Users/Debaditya/AppData/Roaming/TinyTeX/texmf-dist/tex/latex/tools/longtable.sty
Package: longtable 2024-04-26 v4.20 Multi-page Table package (DPC)
\LTleft=\skip55
\LTright=\skip56
\LTpre=\skip57
\LTpost=\skip58
\LTchunksize=\count286
\LTcapwidth=\dimen163
\LT@head=\box55
\LT@firsthead=\box56
\LT@foot=\box57
\LT@lastfoot=\box58
\LT@gbox=\box59
\LT@cols=\count287
\LT@rows=\count288
\c@LT@tables=\count289
\c@LT@chunks=\count290
\LT@p@ftn=\toks26
) (c:/Users/Debaditya/AppData/Roaming/TinyTeX/texmf-dist/tex/latex/booktabs/booktabs.sty
Package: booktabs 2020/01/12 v1.61803398 Publication quality tables
\heavyrulewidth=\dimen164
\lightrulewidth=\dimen165
\cmidrulewidth=\dimen166
\belowrulesep=\dimen167
\belowbottomsep=\dimen168
\aboverulesep=\dimen169
\abovetopsep=\dimen170
\cmidrulesep=\dimen171
\cmidrulekern=\dimen172
\defaultaddspace=\dimen173
\@cmidla=\count291
\@cmidlb=\count292
\@aboverulesep=\dimen174
\@belowrulesep=\dimen175
\@thisruleclass=\count293
\@lastruleclass=\count294
\@thisrulewidth=\dimen176
) (c:/Users/Debaditya/AppData/Roaming/TinyTeX/texmf-dist/tex/latex/tools/array.sty
Package: array 2024/06/14 v2.6d Tabular extension package (FMi)
\col@sep=\dimen177
\ar@mcellbox=\box60
\extrarowheight=\dimen178
\NC@list=\toks27
\extratabsurround=\skip59
\backup@length=\skip60
\ar@cellbox=\box61
) (c:/Users/Debaditya/AppData/Roaming/TinyTeX/texmf-dist/tex/latex/tools/calc.sty
Package: calc 2023/07/08 v4.3 Infix arithmetic (KKT,FJ)
\calc@Acount=\count295
\calc@Bcount=\count296
\calc@Adimen=\dimen179
\calc@Bdimen=\dimen180
\calc@Askip=\skip61
\calc@Bskip=\skip62
LaTeX Info: Redefining \setlength on input line 80.
LaTeX Info: Redefining \addtolength on input line 81.
\calc@Ccount=\count297
\calc@Cskip=\skip63
) (c:/Users/Debaditya/AppData/Roaming/TinyTeX/texmf-dist/tex/latex/etoolbox/etoolbox.sty
Package: etoolbox 2020/10/05 v2.5k e-TeX tools for LaTeX (JAW)
\etb@tempcnta=\count298
) (c:/Users/Debaditya/AppData/Roaming/TinyTeX/texmf-dist/tex/latex/mdwtools/footnote.sty
Package: footnote 1997/01/28 1.13 Save footnotes around boxes
\fn@notes=\box62
\fn@width=\dimen181
) (c:/Users/Debaditya/AppData/Roaming/TinyTeX/texmf-dist/tex/latex/graphics/graphicx.sty
Package: graphicx 2021/09/16 v1.2d Enhanced LaTeX Graphics (DPC,SPQR)
(c:/Users/Debaditya/AppData/Roaming/TinyTeX/texmf-dist/tex/latex/graphics/graphics.sty
Package: graphics 2024/05/23 v1.4g Standard LaTeX Graphics (DPC,SPQR)
(c:/Users/Debaditya/AppData/Roaming/TinyTeX/texmf-dist/tex/latex/graphics/trig.sty
Package: trig 2023/12/02 v1.11 sin cos tan (DPC)
) (c:/Users/Debaditya/AppData/Roaming/TinyTeX/texmf-dist/tex/latex/graphics-cfg/graphics.cfg
File: graphics.cfg 2016/06/04 v1.11 sample graphics configuration
)
Package graphics Info: Driver file: pdftex.def on input line 106.
)
\Gin@req@height=\dimen182
\Gin@req@width=\dimen183
)
\cslhangindent=\skip64
\csllabelwidth=\skip65
(c:/Users/Debaditya/AppData/Roaming/TinyTeX/texmf-dist/tex/latex/float/float.sty
Package: float 2001/11/08 v1.3d Float enhancements (AL)
\c@float@type=\count299
\float@exts=\toks28
\float@box=\box63
\@float@everytoks=\toks29
\@floatcapt=\box64
) (c:/Users/Debaditya/AppData/Roaming/TinyTeX/texmf-dist/tex/latex/sectsty/sectsty.sty
Package: sectsty 2002/02/25 v2.0.2 Commands to change all sectional heading styles

LaTeX Warning: Command \underbar  has changed.
               Check if current package is valid.


LaTeX Warning: Command \underline  has changed.
               Check if current package is valid.

) (c:/Users/Debaditya/AppData/Roaming/TinyTeX/texmf-dist/tex/latex/paralist/paralist.sty
Package: paralist 2017/01/22 v2.7 Extended list environments
\pltopsep=\skip66
\plpartopsep=\skip67
\plitemsep=\skip68
\plparsep=\skip69
\pl@lab=\toks30
) (c:/Users/Debaditya/AppData/Roaming/TinyTeX/texmf-dist/tex/latex/setspace/setspace.sty
Package: setspace 2022/12/04 v6.7b set line spacing
) (c:/Users/Debaditya/AppData/Roaming/TinyTeX/texmf-dist/tex/latex/fancyhdr/fancyhdr.sty
Package: fancyhdr 2024/04/23 v4.2 Extensive control of page headers and footers
\f@nch@headwidth=\skip70
\f@nch@O@elh=\skip71
\f@nch@O@erh=\skip72
\f@nch@O@olh=\skip73
\f@nch@O@orh=\skip74
\f@nch@O@elf=\skip75
\f@nch@O@erf=\skip76
\f@nch@O@olf=\skip77
\f@nch@O@orf=\skip78
) (c:/Users/Debaditya/AppData/Roaming/TinyTeX/texmf-dist/tex/latex/lastpage/lastpage.sty
Package: lastpage 2024/04/27 v2.1a lastpage: 2.09 or 2e? (HMM)
(c:/Users/Debaditya/AppData/Roaming/TinyTeX/texmf-dist/tex/latex/lastpage/lastpage2e.sty
Package: lastpage2e 2024/04/27 v2.1a Decide which 2e lastpage version to use (HMM)
(c:/Users/Debaditya/AppData/Roaming/TinyTeX/texmf-dist/tex/latex/lastpage/lastpagemodern.sty
Package: lastpagemodern 2024-04-27 v2.1a Refers to last page's name (HMM; JPG)
\c@lastpagecount=\count300
) 
)) (c:/Users/Debaditya/AppData/Roaming/TinyTeX/texmf-dist/tex/latex/tools/dcolumn.sty
Package: dcolumn 2023/07/08 v1.06 decimal alignment package (DPC)
) (c:/Users/Debaditya/AppData/Roaming/TinyTeX/texmf-dist/tex/latex/tools/indentfirst.sty
Package: indentfirst 2023/07/02 v1.03 Indent first paragraph (DPC)
) (c:/Users/Debaditya/AppData/Roaming/TinyTeX/texmf-dist/tex/latex/multirow/multirow.sty
Package: multirow 2021/03/15 v2.8 Span multiple rows of a table
\multirow@colwidth=\skip79
\multirow@cntb=\count301
\multirow@dima=\skip80
\bigstrutjot=\dimen184
) (c:/Users/Debaditya/AppData/Roaming/TinyTeX/texmf-dist/tex/latex/wrapfig/wrapfig.sty
\wrapoverhang=\dimen185
\WF@size=\dimen186
\c@WF@wrappedlines=\count302
\WF@box=\box65
\WF@everypar=\toks31
Package: wrapfig 2003/01/31  v 3.6
) (c:/Users/Debaditya/AppData/Roaming/TinyTeX/texmf-dist/tex/latex/colortbl/colortbl.sty
Package: colortbl 2024/05/26 v1.0h Color table columns (DPC)
\everycr=\toks32
\minrowclearance=\skip81
\rownum=\count303
) (c:/Users/Debaditya/AppData/Roaming/TinyTeX/texmf-dist/tex/latex/pdflscape/pdflscape.sty
Package: pdflscape 2022-10-27 v0.13 Display of landscape pages in PDF
(c:/Users/Debaditya/AppData/Roaming/TinyTeX/texmf-dist/tex/latex/pdflscape/pdflscape-nometadata.sty
Package: pdflscape-nometadata 2022-10-28 v0.13 Display of landscape pages in PDF (HO)
(c:/Users/Debaditya/AppData/Roaming/TinyTeX/texmf-dist/tex/latex/graphics/lscape.sty
Package: lscape 2020/05/28 v3.02 Landscape Pages (DPC)
)
Package pdflscape Info: Auto-detected driver: pdftex on input line 81.
)) (c:/Users/Debaditya/AppData/Roaming/TinyTeX/texmf-dist/tex/latex/tabu/tabu.sty
Package: tabu 2019/01/11 v2.9 - flexible LaTeX tabulars (FC+tabu-fixed)
(c:/Users/Debaditya/AppData/Roaming/TinyTeX/texmf-dist/tex/latex/varwidth/varwidth.sty
Package: varwidth 2009/03/30 ver 0.92;  Variable-width minipages
\@vwid@box=\box66
\sift@deathcycles=\count304
\@vwid@loff=\dimen187
\@vwid@roff=\dimen188
)
\c@taburow=\count305
\tabu@nbcols=\count306
\tabu@cnt=\count307
\tabu@Xcol=\count308
\tabu@alloc=\count309
\tabu@nested=\count310
\tabu@target=\dimen189
\tabu@spreadtarget=\dimen190
\tabu@naturalX=\dimen191
\tabucolX=\dimen192
\tabu@Xsum=\dimen193
\extrarowdepth=\dimen194
\abovetabulinesep=\dimen195
\belowtabulinesep=\dimen196
\tabustrutrule=\dimen197
\tabu@thebody=\toks33
\tabu@footnotes=\toks34
\tabu@box=\box67
\tabu@arstrutbox=\box68
\tabu@hleads=\box69
\tabu@vleads=\box70
\tabu@cellskip=\skip82
) (c:/Users/Debaditya/AppData/Roaming/TinyTeX/texmf-dist/tex/latex/threeparttable/threeparttable.sty
Package: threeparttable 2003/06/13  v 3.0
\@tempboxb=\box71
) (c:/Users/Debaditya/AppData/Roaming/TinyTeX/texmf-dist/tex/latex/threeparttablex/threeparttablex.sty
Package: threeparttablex 2013/07/23 v0.3 by daleif
(c:/Users/Debaditya/AppData/Roaming/TinyTeX/texmf-dist/tex/latex/environ/environ.sty
Package: environ 2014/05/04 v0.3 A new way to define environments
(c:/Users/Debaditya/AppData/Roaming/TinyTeX/texmf-dist/tex/latex/trimspaces/trimspaces.sty
Package: trimspaces 2009/09/17 v1.1 Trim spaces around a token list
))
\TPTL@width=\skip83
) (c:/Users/Debaditya/AppData/Roaming/TinyTeX/texmf-dist/tex/generic/ulem/ulem.sty
\UL@box=\box72
\UL@hyphenbox=\box73
\UL@skip=\skip84
\UL@hook=\toks35
\UL@height=\dimen198
\UL@pe=\count311
\UL@pixel=\dimen199
\ULC@box=\box74
Package: ulem 2019/11/18
\ULdepth=\dimen256
) (c:/Users/Debaditya/AppData/Roaming/TinyTeX/texmf-dist/tex/latex/makecell/makecell.sty
Package: makecell 2009/08/03 V0.1e Managing of Tab Column Heads and Cells
\rotheadsize=\dimen257
\c@nlinenum=\count312
\TeXr@lab=\toks36
) (c:/Users/Debaditya/AppData/Roaming/TinyTeX/texmf-dist/tex/latex/bookmark/bookmark.sty
Package: bookmark 2023-12-10 v1.31 PDF bookmarks (HO)
(c:/Users/Debaditya/AppData/Roaming/TinyTeX/texmf-dist/tex/latex/hyperref/hyperref.sty
Package: hyperref 2024-05-23 v7.01i Hypertext links for LaTeX
(c:/Users/Debaditya/AppData/Roaming/TinyTeX/texmf-dist/tex/latex/kvsetkeys/kvsetkeys.sty
Package: kvsetkeys 2022-10-05 v1.19 Key value parser (HO)
) (c:/Users/Debaditya/AppData/Roaming/TinyTeX/texmf-dist/tex/generic/kvdefinekeys/kvdefinekeys.sty
Package: kvdefinekeys 2019-12-19 v1.6 Define keys (HO)
) (c:/Users/Debaditya/AppData/Roaming/TinyTeX/texmf-dist/tex/generic/pdfescape/pdfescape.sty
Package: pdfescape 2019/12/09 v1.15 Implements pdfTeX's escape features (HO)
(c:/Users/Debaditya/AppData/Roaming/TinyTeX/texmf-dist/tex/generic/ltxcmds/ltxcmds.sty
Package: ltxcmds 2023-12-04 v1.26 LaTeX kernel commands for general use (HO)
) (c:/Users/Debaditya/AppData/Roaming/TinyTeX/texmf-dist/tex/generic/pdftexcmds/pdftexcmds.sty
Package: pdftexcmds 2020-06-27 v0.33 Utility functions of pdfTeX for LuaTeX (HO)
(c:/Users/Debaditya/AppData/Roaming/TinyTeX/texmf-dist/tex/generic/infwarerr/infwarerr.sty
Package: infwarerr 2019/12/03 v1.5 Providing info/warning/error messages (HO)
)
Package pdftexcmds Info: \pdf@primitive is available.
Package pdftexcmds Info: \pdf@ifprimitive is available.
Package pdftexcmds Info: \pdfdraftmode found.
)) (c:/Users/Debaditya/AppData/Roaming/TinyTeX/texmf-dist/tex/latex/hycolor/hycolor.sty
Package: hycolor 2020-01-27 v1.10 Color options for hyperref/bookmark (HO)
) (c:/Users/Debaditya/AppData/Roaming/TinyTeX/texmf-dist/tex/latex/hyperref/nameref.sty
Package: nameref 2023-11-26 v2.56 Cross-referencing by name of section
(c:/Users/Debaditya/AppData/Roaming/TinyTeX/texmf-dist/tex/latex/refcount/refcount.sty
Package: refcount 2019/12/15 v3.6 Data extraction from label references (HO)
) (c:/Users/Debaditya/AppData/Roaming/TinyTeX/texmf-dist/tex/generic/gettitlestring/gettitlestring.sty
Package: gettitlestring 2019/12/15 v1.6 Cleanup title references (HO)
(c:/Users/Debaditya/AppData/Roaming/TinyTeX/texmf-dist/tex/latex/kvoptions/kvoptions.sty
Package: kvoptions 2022-06-15 v3.15 Key value format for package options (HO)
))
\c@section@level=\count313
) (c:/Users/Debaditya/AppData/Roaming/TinyTeX/texmf-dist/tex/generic/stringenc/stringenc.sty
Package: stringenc 2019/11/29 v1.12 Convert strings between diff. encodings (HO)
)
\@linkdim=\dimen258
\Hy@linkcounter=\count314
\Hy@pagecounter=\count315
(c:/Users/Debaditya/AppData/Roaming/TinyTeX/texmf-dist/tex/latex/hyperref/pd1enc.def
File: pd1enc.def 2024-05-23 v7.01i Hyperref: PDFDocEncoding definition (HO)
Now handling font encoding PD1 ...
... no UTF-8 mapping file for font encoding PD1
) (c:/Users/Debaditya/AppData/Roaming/TinyTeX/texmf-dist/tex/generic/intcalc/intcalc.sty
Package: intcalc 2019/12/15 v1.3 Expandable calculations with integers (HO)
)
\Hy@SavedSpaceFactor=\count316
(c:/Users/Debaditya/AppData/Roaming/TinyTeX/texmf-dist/tex/latex/hyperref/puenc.def
File: puenc.def 2024-05-23 v7.01i Hyperref: PDF Unicode definition (HO)
Now handling font encoding PU ...
... no UTF-8 mapping file for font encoding PU
)
Package hyperref Info: Option `unicode' set `true' on input line 4040.
Package hyperref Info: Hyper figures OFF on input line 4157.
Package hyperref Info: Link nesting OFF on input line 4162.
Package hyperref Info: Hyper index ON on input line 4165.
Package hyperref Info: Plain pages OFF on input line 4172.
Package hyperref Info: Backreferencing OFF on input line 4177.
Package hyperref Info: Implicit mode ON; LaTeX internals redefined.
Package hyperref Info: Bookmarks ON on input line 4424.
\c@Hy@tempcnt=\count317
(c:/Users/Debaditya/AppData/Roaming/TinyTeX/texmf-dist/tex/latex/url/url.sty
\Urlmuskip=\muskip18
Package: url 2013/09/16  ver 3.4  Verb mode for urls, etc.
)
LaTeX Info: Redefining \url on input line 4763.
\XeTeXLinkMargin=\dimen259
(c:/Users/Debaditya/AppData/Roaming/TinyTeX/texmf-dist/tex/generic/bitset/bitset.sty
Package: bitset 2019/12/09 v1.3 Handle bit-vector datatype (HO)
(c:/Users/Debaditya/AppData/Roaming/TinyTeX/texmf-dist/tex/generic/bigintcalc/bigintcalc.sty
Package: bigintcalc 2019/12/15 v1.5 Expandable calculations on big integers (HO)
))
\Fld@menulength=\count318
\Field@Width=\dimen260
\Fld@charsize=\dimen261
Package hyperref Info: Hyper figures OFF on input line 6042.
Package hyperref Info: Link nesting OFF on input line 6047.
Package hyperref Info: Hyper index ON on input line 6050.
Package hyperref Info: backreferencing OFF on input line 6057.
Package hyperref Info: Link coloring OFF on input line 6062.
Package hyperref Info: Link coloring with OCG OFF on input line 6067.
Package hyperref Info: PDF/A mode OFF on input line 6072.
(c:/Users/Debaditya/AppData/Roaming/TinyTeX/texmf-dist/tex/latex/base/atbegshi-ltx.sty
Package: atbegshi-ltx 2021/01/10 v1.0c Emulation of the original atbegshi
package with kernel methods
)
\Hy@abspage=\count319
\c@Item=\count320
\c@Hfootnote=\count321
)
Package hyperref Info: Driver (autodetected): hpdftex.
(c:/Users/Debaditya/AppData/Roaming/TinyTeX/texmf-dist/tex/latex/hyperref/hpdftex.def
File: hpdftex.def 2024-05-23 v7.01i Hyperref driver for pdfTeX
(c:/Users/Debaditya/AppData/Roaming/TinyTeX/texmf-dist/tex/latex/base/atveryend-ltx.sty
Package: atveryend-ltx 2020/08/19 v1.0a Emulation of the original atveryend package
with kernel methods
)
\Fld@listcount=\count322
\c@bookmark@seq@number=\count323
(c:/Users/Debaditya/AppData/Roaming/TinyTeX/texmf-dist/tex/latex/rerunfilecheck/rerunfilecheck.sty
Package: rerunfilecheck 2022-07-10 v1.10 Rerun checks for auxiliary files (HO)
(c:/Users/Debaditya/AppData/Roaming/TinyTeX/texmf-dist/tex/generic/uniquecounter/uniquecounter.sty
Package: uniquecounter 2019/12/15 v1.4 Provide unlimited unique counter (HO)
)
Package uniquecounter Info: New unique counter `rerunfilecheck' on input line 285.
)
\Hy@SectionHShift=\skip85
) (c:/Users/Debaditya/AppData/Roaming/TinyTeX/texmf-dist/tex/latex/bookmark/bkm-pdftex.def
File: bkm-pdftex.def 2023-12-10 v1.31 bookmark driver for pdfTeX and luaTeX (HO)
\BKM@id=\count324
))
Package hyperref Info: Option `colorlinks' set `true' on input line 174.
LaTeX Font Info:    Trying to load font information for T1+lmr on input line 179.
(c:/Users/Debaditya/AppData/Roaming/TinyTeX/texmf-dist/tex/latex/lm/t1lmr.fd
File: t1lmr.fd 2015/05/01 v1.6.1 Font defs for Latin Modern
) (c:/Users/Debaditya/AppData/Roaming/TinyTeX/texmf-dist/tex/latex/l3backend/l3backend-pdftex.def
File: l3backend-pdftex.def 2024-05-08 L3 backend support: PDF output (pdfTeX)
\l__color_backend_stack_int=\count325
\l__pdf_internal_box=\box75
) (./pdf_check.aux

LaTeX Warning: Label `tab:unnamed-chunk-17' multiply defined.


LaTeX Warning: Label `tab:unnamed-chunk-21' multiply defined.

)
\openout1 = `pdf_check.aux'.

LaTeX Font Info:    Checking defaults for OML/cmm/m/it on input line 179.
LaTeX Font Info:    ... okay on input line 179.
LaTeX Font Info:    Checking defaults for OMS/cmsy/m/n on input line 179.
LaTeX Font Info:    ... okay on input line 179.
LaTeX Font Info:    Checking defaults for OT1/cmr/m/n on input line 179.
LaTeX Font Info:    ... okay on input line 179.
LaTeX Font Info:    Checking defaults for T1/cmr/m/n on input line 179.
LaTeX Font Info:    ... okay on input line 179.
LaTeX Font Info:    Checking defaults for TS1/cmr/m/n on input line 179.
LaTeX Font Info:    ... okay on input line 179.
LaTeX Font Info:    Checking defaults for OMX/cmex/m/n on input line 179.
LaTeX Font Info:    ... okay on input line 179.
LaTeX Font Info:    Checking defaults for U/cmr/m/n on input line 179.
LaTeX Font Info:    ... okay on input line 179.
LaTeX Font Info:    Checking defaults for PD1/pdf/m/n on input line 179.
LaTeX Font Info:    ... okay on input line 179.
LaTeX Font Info:    Checking defaults for PU/pdf/m/n on input line 179.
LaTeX Font Info:    ... okay on input line 179.
(c:/Users/Debaditya/AppData/Roaming/TinyTeX/texmf-dist/tex/latex/epstopdf-pkg/epstopdf-base.sty
Package: epstopdf-base 2020-01-24 v2.11 Base part for package epstopdf
Package epstopdf-base Info: Redefining graphics rule for `.eps' on input line 485.
(c:/Users/Debaditya/AppData/Roaming/TinyTeX/texmf-dist/tex/latex/latexconfig/epstopdf-sys.cfg
File: epstopdf-sys.cfg 2010/07/13 v1.3 Configuration of (r)epstopdf for TeX Live
))
*geometry* driver: auto-detecting
*geometry* detected driver: pdftex
*geometry* verbose mode - [ preamble ] result:
* driver: pdftex
* paper: <default>
* layout: <same size as paper>
* layoutoffset:(h,v)=(0.0pt,0.0pt)
* modes: 
* h-part:(L,W,R)=(72.26999pt, 469.75502pt, 72.26999pt)
* v-part:(T,H,B)=(72.26999pt, 650.43001pt, 72.26999pt)
* \paperwidth=614.295pt
* \paperheight=794.96999pt
* \textwidth=469.75502pt
* \textheight=650.43001pt
* \oddsidemargin=0.0pt
* \evensidemargin=0.0pt
* \topmargin=-37.0pt
* \headheight=12.0pt
* \headsep=25.0pt
* \topskip=12.0pt
* \footskip=30.0pt
* \marginparwidth=44.0pt
* \marginparsep=10.0pt
* \columnsep=10.0pt
* \skip\footins=10.8pt plus 4.0pt minus 2.0pt
* \hoffset=0.0pt
* \voffset=0.0pt
* \mag=1000
* \@twocolumnfalse
* \@twosidefalse
* \@mparswitchfalse
* \@reversemarginfalse
* (1in=72.27pt=25.4mm, 1cm=28.453pt)

Package hyperref Info: Link coloring ON on input line 179.
<University_of_Calcutta_logo.png, id=4, 1204.5pt x 1200.485pt>
File: University_of_Calcutta_logo.png Graphic file (type png)
<use University_of_Calcutta_logo.png>
Package pdftex.def Info: University_of_Calcutta_logo.png  used on input line 192.
(pdftex.def)             Requested size: 93.93591pt x 93.62279pt.


[1

{c:/Users/Debaditya/AppData/Roaming/TinyTeX/texmf-var/fonts/map/pdftex/updmap/pdftex.map}{c:/Users/Debaditya/AppData/Roaming/TinyTeX/texmf-dist/fonts/enc/dvips/lm/lm-ec.enc} <./University_of_Calcutta_logo.png>] (./pdf_check.toc
LaTeX Font Info:    Trying to load font information for OT1+lmr on input line 6.
(c:/Users/Debaditya/AppData/Roaming/TinyTeX/texmf-dist/tex/latex/lm/ot1lmr.fd
File: ot1lmr.fd 2015/05/01 v1.6.1 Font defs for Latin Modern
)
LaTeX Font Info:    Trying to load font information for OML+lmm on input line 6.
(c:/Users/Debaditya/AppData/Roaming/TinyTeX/texmf-dist/tex/latex/lm/omllmm.fd
File: omllmm.fd 2015/05/01 v1.6.1 Font defs for Latin Modern
)
LaTeX Font Info:    Trying to load font information for OMS+lmsy on input line 6.
(c:/Users/Debaditya/AppData/Roaming/TinyTeX/texmf-dist/tex/latex/lm/omslmsy.fd
File: omslmsy.fd 2015/05/01 v1.6.1 Font defs for Latin Modern
)
LaTeX Font Info:    Trying to load font information for OMX+lmex on input line 6.
(c:/Users/Debaditya/AppData/Roaming/TinyTeX/texmf-dist/tex/latex/lm/omxlmex.fd
File: omxlmex.fd 2015/05/01 v1.6.1 Font defs for Latin Modern
)
LaTeX Font Info:    External font `lmex10' loaded for size
(Font)              <12> on input line 6.
LaTeX Font Info:    External font `lmex10' loaded for size
(Font)              <8> on input line 6.
LaTeX Font Info:    External font `lmex10' loaded for size
(Font)              <6> on input line 6.
LaTeX Font Info:    Trying to load font information for U+msa on input line 6.
(c:/Users/Debaditya/AppData/Roaming/TinyTeX/texmf-dist/tex/latex/amsfonts/umsa.fd
File: umsa.fd 2013/01/14 v3.01 AMS symbols A
)
LaTeX Font Info:    Trying to load font information for U+msb on input line 6.
(c:/Users/Debaditya/AppData/Roaming/TinyTeX/texmf-dist/tex/latex/amsfonts/umsb.fd
File: umsb.fd 2013/01/14 v3.01 AMS symbols B
))
\tf@toc=\write4
\openout4 = `pdf_check.toc'.




pdfTeX warning (ext4): destination with the same identifier (name{page.}) has been already used, duplicate ignored
<to be read again> 
                   \relax 
l.248 \newpage
               [1]
Overfull \hbox (12.78172pt too wide) in paragraph at lines 253--280
[][]
 []


Underfull \hbox (badness 10000) in paragraph at lines 253--280

 []



[1]

[2]

[3]
LaTeX Font Info:    Trying to load font information for TS1+lmr on input line 311.
(c:/Users/Debaditya/AppData/Roaming/TinyTeX/texmf-dist/tex/latex/lm/ts1lmr.fd
File: ts1lmr.fd 2015/05/01 v1.6.1 Font defs for Latin Modern
)
LaTeX Font Info:    Trying to load font information for T1+lmtt on input line 345.
(c:/Users/Debaditya/AppData/Roaming/TinyTeX/texmf-dist/tex/latex/lm/t1lmtt.fd
File: t1lmtt.fd 2015/05/01 v1.6.1 Font defs for Latin Modern
)
Underfull \hbox (badness 10000) in paragraph at lines 375--376

 []


Underfull \hbox (badness 10000) in paragraph at lines 389--390

 []



[4{c:/Users/Debaditya/AppData/Roaming/TinyTeX/texmf-dist/fonts/enc/dvips/lm/lm-ts1.enc}]

[5]

[6]

[7]

[8]
Overfull \hbox (29.17639pt too wide) in alignment at lines 481--510
 [] [] [] [] [] [] 
 []

<upi_og.png, id=134, 453.22813pt x 301.96535pt>
File: upi_og.png Graphic file (type png)
<use upi_og.png>
Package pdftex.def Info: upi_og.png  used on input line 518.
(pdftex.def)             Requested size: 305.34178pt x 203.43538pt.


[9]
<upi_log.png, id=140, 453.22813pt x 301.96535pt>
File: upi_log.png Graphic file (type png)
<use upi_log.png>
Package pdftex.def Info: upi_log.png  used on input line 529.
(pdftex.def)             Requested size: 305.34178pt x 203.43538pt.


[10 <./upi_og.png> <./upi_log.png>]
<pdf_check_files/figure-latex/unnamed-chunk-9-1.png, id=148, 722.7pt x 325.215pt>
File: pdf_check_files/figure-latex/unnamed-chunk-9-1.png Graphic file (type png)
<use pdf_check_files/figure-latex/unnamed-chunk-9-1.png>
Package pdftex.def Info: pdf_check_files/figure-latex/unnamed-chunk-9-1.png  used on input line 540.
(pdftex.def)             Requested size: 375.80615pt x 169.11276pt.
<pdf_check_files/figure-latex/unnamed-chunk-10-1.png, id=149, 469.755pt x 325.215pt>
File: pdf_check_files/figure-latex/unnamed-chunk-10-1.png Graphic file (type png)
<use pdf_check_files/figure-latex/unnamed-chunk-10-1.png>
Package pdftex.def Info: pdf_check_files/figure-latex/unnamed-chunk-10-1.png  used on input line 551.
(pdftex.def)             Requested size: 305.33713pt x 211.38724pt.


[11 <./pdf_check_files/figure-latex/unnamed-chunk-9-1.png> <./pdf_check_files/figure-latex/unnamed-chunk-10-1.png>]
<pdf_check_files/figure-latex/unnamed-chunk-11-1.png, id=157, 469.755pt x 325.215pt>
File: pdf_check_files/figure-latex/unnamed-chunk-11-1.png Graphic file (type png)
<use pdf_check_files/figure-latex/unnamed-chunk-11-1.png>
Package pdftex.def Info: pdf_check_files/figure-latex/unnamed-chunk-11-1.png  used on input line 562.
(pdftex.def)             Requested size: 305.33713pt x 211.38724pt.
<pdf_check_files/figure-latex/unnamed-chunk-12-1.png, id=158, 469.755pt x 325.215pt>
File: pdf_check_files/figure-latex/unnamed-chunk-12-1.png Graphic file (type png)
<use pdf_check_files/figure-latex/unnamed-chunk-12-1.png>
Package pdftex.def Info: pdf_check_files/figure-latex/unnamed-chunk-12-1.png  used on input line 573.
(pdftex.def)             Requested size: 305.33713pt x 211.38724pt.


[12 <./pdf_check_files/figure-latex/unnamed-chunk-11-1.png>]

[13 <./pdf_check_files/figure-latex/unnamed-chunk-12-1.png>]

[14{c:/Users/Debaditya/AppData/Roaming/TinyTeX/texmf-dist/fonts/enc/dvips/lm/lm-mathit.enc}{c:/Users/Debaditya/AppData/Roaming/TinyTeX/texmf-dist/fonts/enc/dvips/lm/lm-rm.enc}{c:/Users/Debaditya/AppData/Roaming/TinyTeX/texmf-dist/fonts/enc/dvips/lm/lm-mathex.enc}{c:/Users/Debaditya/AppData/Roaming/TinyTeX/texmf-dist/fonts/enc/dvips/lm/lm-mathsy.enc}]
<pdf_check_files/figure-latex/unnamed-chunk-14-1.png, id=186, 722.7pt x 505.89pt>
File: pdf_check_files/figure-latex/unnamed-chunk-14-1.png Graphic file (type png)
<use pdf_check_files/figure-latex/unnamed-chunk-14-1.png>
Package pdftex.def Info: pdf_check_files/figure-latex/unnamed-chunk-14-1.png  used on input line 629.
(pdftex.def)             Requested size: 422.77228pt x 295.94058pt.
[15 <./pdf_check_files/figure-latex/unnamed-chunk-14-1.png>] [16] [17]

[18]
<pdf_check_files/figure-latex/unnamed-chunk-16-1.png, id=207, 469.755pt x 325.215pt>
File: pdf_check_files/figure-latex/unnamed-chunk-16-1.png Graphic file (type png)
<use pdf_check_files/figure-latex/unnamed-chunk-16-1.png>
Package pdftex.def Info: pdf_check_files/figure-latex/unnamed-chunk-16-1.png  used on input line 777.
(pdftex.def)             Requested size: 305.33713pt x 211.38724pt.


[19 <./pdf_check_files/figure-latex/unnamed-chunk-16-1.png>] [20] [21]

[22]
<pdf_check_files/figure-latex/unnamed-chunk-20-1.png, id=228, 469.755pt x 325.215pt>
File: pdf_check_files/figure-latex/unnamed-chunk-20-1.png Graphic file (type png)
<use pdf_check_files/figure-latex/unnamed-chunk-20-1.png>
Package pdftex.def Info: pdf_check_files/figure-latex/unnamed-chunk-20-1.png  used on input line 967.
(pdftex.def)             Requested size: 305.33713pt x 211.38724pt.


[23 <./pdf_check_files/figure-latex/unnamed-chunk-20-1.png>] [24] [25]
<pdf_check_files/figure-latex/unnamed-chunk-24-1.png, id=246, 578.16pt x 650.43pt>
File: pdf_check_files/figure-latex/unnamed-chunk-24-1.png Graphic file (type png)
<use pdf_check_files/figure-latex/unnamed-chunk-24-1.png>
Package pdftex.def Info: pdf_check_files/figure-latex/unnamed-chunk-24-1.png  used on input line 1155.
(pdftex.def)             Requested size: 305.33823pt x 343.50551pt.


[26]
<pdf_check_files/figure-latex/unnamed-chunk-25-1.png, id=252, 469.755pt x 325.215pt>
File: pdf_check_files/figure-latex/unnamed-chunk-25-1.png Graphic file (type png)
<use pdf_check_files/figure-latex/unnamed-chunk-25-1.png>
Package pdftex.def Info: pdf_check_files/figure-latex/unnamed-chunk-25-1.png  used on input line 1164.
(pdftex.def)             Requested size: 305.33713pt x 211.38724pt.


[27 <./pdf_check_files/figure-latex/unnamed-chunk-24-1.png> <./pdf_check_files/figure-latex/unnamed-chunk-25-1.png>]

[28]
<pdf_check_files/figure-latex/unnamed-chunk-26-1.png, id=263, 289.08pt x 361.35pt>
File: pdf_check_files/figure-latex/unnamed-chunk-26-1.png Graphic file (type png)
<use pdf_check_files/figure-latex/unnamed-chunk-26-1.png>
Package pdftex.def Info: pdf_check_files/figure-latex/unnamed-chunk-26-1.png  used on input line 1187.
(pdftex.def)             Requested size: 305.35146pt x 381.68933pt.
<pdf_check_files/figure-latex/unnamed-chunk-26-2.png, id=264, 289.08pt x 361.35pt>
File: pdf_check_files/figure-latex/unnamed-chunk-26-2.png Graphic file (type png)
<use pdf_check_files/figure-latex/unnamed-chunk-26-2.png>
Package pdftex.def Info: pdf_check_files/figure-latex/unnamed-chunk-26-2.png  used on input line 1195.
(pdftex.def)             Requested size: 305.35146pt x 381.68933pt.


[29 <./pdf_check_files/figure-latex/unnamed-chunk-26-1.png>]
Overfull \hbox (19.14478pt too wide) in paragraph at lines 1220--1227
 [][] 
 []



[30 <./pdf_check_files/figure-latex/unnamed-chunk-26-2.png>]
<pdf_check_files/figure-latex/unnamed-chunk-28-1.png, id=276, 469.755pt x 325.215pt>
File: pdf_check_files/figure-latex/unnamed-chunk-28-1.png Graphic file (type png)
<use pdf_check_files/figure-latex/unnamed-chunk-28-1.png>
Package pdftex.def Info: pdf_check_files/figure-latex/unnamed-chunk-28-1.png  used on input line 1231.
(pdftex.def)             Requested size: 305.33713pt x 211.38724pt.


[31 <./pdf_check_files/figure-latex/unnamed-chunk-28-1.png>]
<pdf_check_files/figure-latex/unnamed-chunk-29-1.png, id=283, 469.755pt x 433.62pt>
File: pdf_check_files/figure-latex/unnamed-chunk-29-1.png Graphic file (type png)
<use pdf_check_files/figure-latex/unnamed-chunk-29-1.png>
Package pdftex.def Info: pdf_check_files/figure-latex/unnamed-chunk-29-1.png  used on input line 1280.
(pdftex.def)             Requested size: 305.33713pt x 281.84966pt.


[32 <./pdf_check_files/figure-latex/unnamed-chunk-29-1.png>]
Overfull \hbox (21.10313pt too wide) in paragraph at lines 1330--1337
 [][] 
 []

LaTeX Font Info:    Font shape `T1/lmtt/bx/n' in size <12> not available
(Font)              Font shape `T1/lmtt/b/n' tried instead on input line 1355.
LaTeX Font Info:    Trying to load font information for TS1+lmtt on input line 1371.
(c:/Users/Debaditya/AppData/Roaming/TinyTeX/texmf-dist/tex/latex/lm/ts1lmtt.fd
File: ts1lmtt.fd 2015/05/01 v1.6.1 Font defs for Latin Modern
)

[33]
<pdf_check_files/figure-latex/unnamed-chunk-33-1.png, id=298, 469.755pt x 325.215pt>
File: pdf_check_files/figure-latex/unnamed-chunk-33-1.png Graphic file (type png)
<use pdf_check_files/figure-latex/unnamed-chunk-33-1.png>
Package pdftex.def Info: pdf_check_files/figure-latex/unnamed-chunk-33-1.png  used on input line 1381.
(pdftex.def)             Requested size: 305.33713pt x 211.38724pt.


[34 <./pdf_check_files/figure-latex/unnamed-chunk-33-1.png>]
<pdf_check_files/figure-latex/unnamed-chunk-36-1.png, id=306, 469.755pt x 325.215pt>
File: pdf_check_files/figure-latex/unnamed-chunk-36-1.png Graphic file (type png)
<use pdf_check_files/figure-latex/unnamed-chunk-36-1.png>
Package pdftex.def Info: pdf_check_files/figure-latex/unnamed-chunk-36-1.png  used on input line 1439.
(pdftex.def)             Requested size: 305.33713pt x 211.38724pt.
<pdf_check_files/figure-latex/unnamed-chunk-38-1.png, id=307, 469.755pt x 325.215pt>
File: pdf_check_files/figure-latex/unnamed-chunk-38-1.png Graphic file (type png)
<use pdf_check_files/figure-latex/unnamed-chunk-38-1.png>
Package pdftex.def Info: pdf_check_files/figure-latex/unnamed-chunk-38-1.png  used on input line 1469.
(pdftex.def)             Requested size: 305.33713pt x 211.38724pt.


[35 <./pdf_check_files/figure-latex/unnamed-chunk-36-1.png>]
<pdf_check_files/figure-latex/unnamed-chunk-39-1.png, id=316, 469.755pt x 325.215pt>
File: pdf_check_files/figure-latex/unnamed-chunk-39-1.png Graphic file (type png)
<use pdf_check_files/figure-latex/unnamed-chunk-39-1.png>
Package pdftex.def Info: pdf_check_files/figure-latex/unnamed-chunk-39-1.png  used on input line 1480.
(pdftex.def)             Requested size: 305.33713pt x 211.38724pt.


[36 <./pdf_check_files/figure-latex/unnamed-chunk-38-1.png> <./pdf_check_files/figure-latex/unnamed-chunk-39-1.png>]
LaTeX Font Info:    External font `lmex10' loaded for size
(Font)              <10> on input line 1502.
LaTeX Font Info:    External font `lmex10' loaded for size
(Font)              <7> on input line 1502.
LaTeX Font Info:    External font `lmex10' loaded for size
(Font)              <5> on input line 1502.
<pdf_check_files/figure-latex/unnamed-chunk-41-1.png, id=324, 469.755pt x 325.215pt>
File: pdf_check_files/figure-latex/unnamed-chunk-41-1.png Graphic file (type png)
<use pdf_check_files/figure-latex/unnamed-chunk-41-1.png>
Package pdftex.def Info: pdf_check_files/figure-latex/unnamed-chunk-41-1.png  used on input line 1506.
(pdftex.def)             Requested size: 305.33713pt x 211.38724pt.


[37 <./pdf_check_files/figure-latex/unnamed-chunk-41-1.png>]
Underfull \hbox (badness 10000) in paragraph at lines 1538--1539

 []

<pdf_check_files/figure-latex/unnamed-chunk-43-1.png, id=337, 469.755pt x 325.215pt>
File: pdf_check_files/figure-latex/unnamed-chunk-43-1.png Graphic file (type png)
<use pdf_check_files/figure-latex/unnamed-chunk-43-1.png>
Package pdftex.def Info: pdf_check_files/figure-latex/unnamed-chunk-43-1.png  used on input line 1542.
(pdftex.def)             Requested size: 305.33713pt x 211.38724pt.


[38 <./pdf_check_files/figure-latex/unnamed-chunk-43-1.png>]

[39] [40]
<pdf_check_files/figure-latex/unnamed-chunk-45-1.png, id=356, 469.755pt x 325.215pt>
File: pdf_check_files/figure-latex/unnamed-chunk-45-1.png Graphic file (type png)
<use pdf_check_files/figure-latex/unnamed-chunk-45-1.png>
Package pdftex.def Info: pdf_check_files/figure-latex/unnamed-chunk-45-1.png  used on input line 1613.
(pdftex.def)             Requested size: 305.33713pt x 211.38724pt.
<pdf_check_files/figure-latex/unnamed-chunk-46-1.png, id=357, 469.755pt x 325.215pt>
File: pdf_check_files/figure-latex/unnamed-chunk-46-1.png Graphic file (type png)
<use pdf_check_files/figure-latex/unnamed-chunk-46-1.png>
Package pdftex.def Info: pdf_check_files/figure-latex/unnamed-chunk-46-1.png  used on input line 1624.
(pdftex.def)             Requested size: 305.33713pt x 211.38724pt.


[41 <./pdf_check_files/figure-latex/unnamed-chunk-45-1.png> <./pdf_check_files/figure-latex/unnamed-chunk-46-1.png>]
<pdf_check_files/figure-latex/unnamed-chunk-47-1.png, id=367, 469.755pt x 325.215pt>
File: pdf_check_files/figure-latex/unnamed-chunk-47-1.png Graphic file (type png)
<use pdf_check_files/figure-latex/unnamed-chunk-47-1.png>
Package pdftex.def Info: pdf_check_files/figure-latex/unnamed-chunk-47-1.png  used on input line 1641.
(pdftex.def)             Requested size: 305.33713pt x 211.38724pt.


[42 <./pdf_check_files/figure-latex/unnamed-chunk-47-1.png>]
Overfull \hbox (8.18716pt too wide) in alignment at lines 1647--1688
 [] [] [] [] [] [] [] 
 []



[43]
<pdf_check_files/figure-latex/unnamed-chunk-50-1.png, id=381, 505.89pt x 325.215pt>
File: pdf_check_files/figure-latex/unnamed-chunk-50-1.png Graphic file (type png)
<use pdf_check_files/figure-latex/unnamed-chunk-50-1.png>
Package pdftex.def Info: pdf_check_files/figure-latex/unnamed-chunk-50-1.png  used on input line 1699.
(pdftex.def)             Requested size: 305.34264pt x 196.2917pt.


[44 <./pdf_check_files/figure-latex/unnamed-chunk-50-1.png>]

[45]
<pdf_check_files/figure-latex/unnamed-chunk-52-1.png, id=397, 469.755pt x 325.215pt>
File: pdf_check_files/figure-latex/unnamed-chunk-52-1.png Graphic file (type png)
<use pdf_check_files/figure-latex/unnamed-chunk-52-1.png>
Package pdftex.def Info: pdf_check_files/figure-latex/unnamed-chunk-52-1.png  used on input line 1773.
(pdftex.def)             Requested size: 305.33713pt x 211.38724pt.


[46 <./pdf_check_files/figure-latex/unnamed-chunk-52-1.png>]
Overfull \hbox (5.72021pt too wide) in paragraph at lines 1821--1821
[]\T1/lmtt/m/n/12 ##          ar1      ar2      ma1     ma2   drift     S1-30    C1-30    S2-30[] 
 []


Overfull \hbox (5.65718pt too wide) in paragraph at lines 1821--1821
[]\T1/lmtt/m/n/12 ##       0.7868  -0.0099  -1.2163  0.2416  2.8361  -43.8546  -6.0005  -0.4362[] 
 []


Overfull \hbox (5.6852pt too wide) in paragraph at lines 1821--1821
[]\T1/lmtt/m/n/12 ## s.e.  0.1597   0.1050   0.1574  0.1510  0.2672    8.5865   8.5642   5.9145[] 
 []

<pdf_check_files/figure-latex/unnamed-chunk-54-1.png, id=406, 469.755pt x 325.215pt>
File: pdf_check_files/figure-latex/unnamed-chunk-54-1.png Graphic file (type png)
<use pdf_check_files/figure-latex/unnamed-chunk-54-1.png>
Package pdftex.def Info: pdf_check_files/figure-latex/unnamed-chunk-54-1.png  used on input line 1827.
(pdftex.def)             Requested size: 305.33713pt x 211.38724pt.


[47 <./pdf_check_files/figure-latex/unnamed-chunk-54-1.png>] [48]
<pdf_check_files/figure-latex/unnamed-chunk-56-1.png, id=420, 469.755pt x 325.215pt>
File: pdf_check_files/figure-latex/unnamed-chunk-56-1.png Graphic file (type png)
<use pdf_check_files/figure-latex/unnamed-chunk-56-1.png>
Package pdftex.def Info: pdf_check_files/figure-latex/unnamed-chunk-56-1.png  used on input line 1903.
(pdftex.def)             Requested size: 305.33713pt x 211.38724pt.

Overfull \hbox (147.74529pt too wide) in paragraph at lines 1930--1930
[]\T1/lmtt/m/n/12 ##  ets(y = na.interp(x), model = etsmodel, allow.multiplicative.trend = allow.multiplicative.trend)[] 
 []



[49 <./pdf_check_files/figure-latex/unnamed-chunk-56-1.png>]

[50]
<pdf_check_files/figure-latex/unnamed-chunk-59-1.png, id=441, 469.755pt x 325.215pt>
File: pdf_check_files/figure-latex/unnamed-chunk-59-1.png Graphic file (type png)
<use pdf_check_files/figure-latex/unnamed-chunk-59-1.png>
Package pdftex.def Info: pdf_check_files/figure-latex/unnamed-chunk-59-1.png  used on input line 1985.
(pdftex.def)             Requested size: 305.33713pt x 211.38724pt.
<pdf_check_files/figure-latex/unnamed-chunk-60-1.png, id=442, 469.755pt x 325.215pt>
File: pdf_check_files/figure-latex/unnamed-chunk-60-1.png Graphic file (type png)
<use pdf_check_files/figure-latex/unnamed-chunk-60-1.png>
Package pdftex.def Info: pdf_check_files/figure-latex/unnamed-chunk-60-1.png  used on input line 1996.
(pdftex.def)             Requested size: 305.33713pt x 211.38724pt.


[51 <./pdf_check_files/figure-latex/unnamed-chunk-59-1.png>]

[52 <./pdf_check_files/figure-latex/unnamed-chunk-60-1.png>]
<pdf_check_files/figure-latex/unnamed-chunk-61-1.png, id=456, 469.755pt x 325.215pt>
File: pdf_check_files/figure-latex/unnamed-chunk-61-1.png Graphic file (type png)
<use pdf_check_files/figure-latex/unnamed-chunk-61-1.png>
Package pdftex.def Info: pdf_check_files/figure-latex/unnamed-chunk-61-1.png  used on input line 2012.
(pdftex.def)             Requested size: 305.33713pt x 211.38724pt.

Overfull \hbox (17.62482pt too wide) in paragraph at lines 2021--2046
[][] 
 []



[53 <./pdf_check_files/figure-latex/unnamed-chunk-61-1.png>]
<pdf_check_files/figure-latex/unnamed-chunk-63-1.png, id=464, 469.755pt x 325.215pt>
File: pdf_check_files/figure-latex/unnamed-chunk-63-1.png Graphic file (type png)
<use pdf_check_files/figure-latex/unnamed-chunk-63-1.png>
Package pdftex.def Info: pdf_check_files/figure-latex/unnamed-chunk-63-1.png  used on input line 2057.
(pdftex.def)             Requested size: 305.33713pt x 211.38724pt.


[54]
Overfull \hbox (17.62482pt too wide) in paragraph at lines 2066--2103
[][] 
 []



[55 <./pdf_check_files/figure-latex/unnamed-chunk-63-1.png>]

[56]
Underfull \hbox (badness 10000) in paragraph at lines 2118--2120

 []


Underfull \hbox (badness 10000) in paragraph at lines 2120--2122

 []


Underfull \hbox (badness 10000) in paragraph at lines 2122--2124

 []


Underfull \hbox (badness 10000) in paragraph at lines 2124--2126

 []


Underfull \hbox (badness 10000) in paragraph at lines 2126--2128

 []


Underfull \hbox (badness 10000) in paragraph at lines 2128--2131

 []


Underfull \hbox (badness 10000) in paragraph at lines 2131--2133

 []



[57]
Overfull \hbox (33.33722pt too wide) in alignment at lines 2159--2224
 [] [] [] [] [] 
 []

[58]

[59]
<pdf_check_files/figure-latex/unnamed-chunk-66-1.png, id=499, 469.755pt x 325.215pt>
File: pdf_check_files/figure-latex/unnamed-chunk-66-1.png Graphic file (type png)
<use pdf_check_files/figure-latex/unnamed-chunk-66-1.png>
Package pdftex.def Info: pdf_check_files/figure-latex/unnamed-chunk-66-1.png  used on input line 2232.
(pdftex.def)             Requested size: 305.33713pt x 211.38724pt.


[60 <./pdf_check_files/figure-latex/unnamed-chunk-66-1.png>]

[61]

[62]

[63] 
enddocument/afterlastpage: lastpage setting LastPage.
(./pdf_check.aux)
 ***********
LaTeX2e <2024-06-01> patch level 1
L3 programming layer <2024-05-27>
 ***********

LaTeX Warning: There were multiply-defined labels.

 ) 
Here is how much of TeX's memory you used:
 15413 strings out of 475559
 257939 string characters out of 5776005
 1966908 words of memory out of 5000000
 37532 multiletter control sequences out of 15000+600000
 616407 words of font info for 85 fonts, out of 8000000 for 9000
 14 hyphenation exceptions out of 8191
 89i,13n,93p,1413b,597s stack positions out of 10000i,1000n,20000p,200000b,200000s
<c:/Users/Debaditya/AppData/Roaming/TinyTeX/texmf-dist/fonts/type1/public/lm/lmbx12.pfb><c:/Users/Debaditya/AppData/Roaming/TinyTeX/texmf-dist/fonts/type1/public/lm/lmex10.pfb><c:/Users/Debaditya/AppData/Roaming/TinyTeX/texmf-dist/fonts/type1/public/lm/lmmi12.pfb><c:/Users/Debaditya/AppData/Roaming/TinyTeX/texmf-dist/fonts/type1/public/lm/lmmi8.pfb><c:/Users/Debaditya/AppData/Roaming/TinyTeX/texmf-dist/fonts/type1/public/lm/lmr10.pfb><c:/Users/Debaditya/AppData/Roaming/TinyTeX/texmf-dist/fonts/type1/public/lm/lmr12.pfb><c:/Users/Debaditya/AppData/Roaming/TinyTeX/texmf-dist/fonts/type1/public/lm/lmr17.pfb><c:/Users/Debaditya/AppData/Roaming/TinyTeX/texmf-dist/fonts/type1/public/lm/lmr7.pfb><c:/Users/Debaditya/AppData/Roaming/TinyTeX/texmf-dist/fonts/type1/public/lm/lmr8.pfb><c:/Users/Debaditya/AppData/Roaming/TinyTeX/texmf-dist/fonts/type1/public/lm/lmri12.pfb><c:/Users/Debaditya/AppData/Roaming/TinyTeX/texmf-dist/fonts/type1/public/lm/lmsy10.pfb><c:/Users/Debaditya/AppData/Roaming/TinyTeX/texmf-dist/fonts/type1/public/lm/lmsy8.pfb><c:/Users/Debaditya/AppData/Roaming/TinyTeX/texmf-dist/fonts/type1/public/lm/lmtk10.pfb><c:/Users/Debaditya/AppData/Roaming/TinyTeX/texmf-dist/fonts/type1/public/lm/lmtt12.pfb><c:/Users/Debaditya/AppData/Roaming/TinyTeX/texmf-dist/fonts/type1/public/lm/lmtti10.pfb>
Output written on pdf_check.pdf (65 pages, 5739088 bytes).
PDF statistics:
 734 PDF objects out of 1000 (max. 8388607)
 592 compressed objects within 6 object streams
 200 named destinations out of 1000 (max. 500000)
 379 words of extra memory for PDF output out of 10000 (max. 10000000)

